0 info it worked if it ends with ok
1 verbose cli [ 'D:\\NOde\\node.exe',
1 verbose cli   'D:\\NOde\\node_modules\\npm\\bin\\npm-cli.js',
1 verbose cli   'run',
1 verbose cli   'dev-SampleApp',
1 verbose cli   '--scripts-prepend-node-path=auto' ]
2 info using npm@3.10.10
3 info using node@v6.11.3
4 verbose run-script [ 'predev-SampleApp', 'dev-SampleApp', 'postdev-SampleApp' ]
5 info lifecycle yylib-sample@1.0.0~predev-SampleApp: yylib-sample@1.0.0
6 silly lifecycle yylib-sample@1.0.0~predev-SampleApp: no script for predev-SampleApp, continuing
7 info lifecycle yylib-sample@1.0.0~dev-SampleApp: yylib-sample@1.0.0
8 verbose lifecycle yylib-sample@1.0.0~dev-SampleApp: unsafe-perm in lifecycle true
9 verbose lifecycle yylib-sample@1.0.0~dev-SampleApp: PATH: D:\NOde\node_modules\npm\bin\node-gyp-bin;D:\GitHub\JAVA-Web\DaBaiNetworkStorage\yylib-sample\node_modules\.bin;E:\app\Mr.Da\product\11.2.0\dbhome_1\bin;C:\Program Files (x86)\Common Files\Intel\Shared Libraries\redist\intel64\compiler;C:\Program Files (x86)\MySQL\MySQL Server 5.6\bin;C:\Program Files (x86)\Intel\iCLS Client\;C:\Program Files\Intel\iCLS Client\;C:\Windows\system32;C:\Windows;C:\Windows\System32\Wbem;C:\Windows\System32\WindowsPowerShell\v1.0\;C:\Program Files (x86)\NVIDIA Corporation\PhysX\Common;C:\Program Files (x86)\Intel\Intel(R) Management Engine Components\DAL;C:\Program Files\Intel\Intel(R) Management Engine Components\DAL;C:\Program Files (x86)\Intel\Intel(R) Management Engine Components\IPT;C:\Program Files\Intel\Intel(R) Management Engine Components\IPT;C:\Program Files\Intel\WiFi\bin\;C:\Program Files\Java\jdk1.8.0_111\bin;C:\WINDOWS\system32;C:\WINDOWS;C:\WINDOWS\System32\Wbem;C:\WINDOWS\System32\WindowsPowerShell\v1.0\;C:\APP\python2.7;C:\APP\python2.7\Scripts;D:\NOde\;C:\Program Files (x86)\Google\Chrome;C:\APP\QQ\Bin;D:\Maven\apache-maven-3.5.2\bin;C:\Program Files\TortoiseGit\bin;C:\APP\ADB;C:\Users\Mr.Da\AppData\Local\Microsoft\WindowsApps;C:\Users\Mr.Da\AppData\Local\GitHubDesktop\bin;C:\Program Files\Intel\WiFi\bin\;C:\Program Files\Common Files\Intel\WirelessCommon\;C:\Users\Mr.Da\AppData\Local\Microsoft\WindowsApps;C:\Users\Mr.Da\AppData\Roaming\npm
10 verbose lifecycle yylib-sample@1.0.0~dev-SampleApp: CWD: D:\GitHub\JAVA-Web\DaBaiNetworkStorage\yylib-sample
11 silly lifecycle yylib-sample@1.0.0~dev-SampleApp: Args: [ '/d /s /c',
11 silly lifecycle   'webpack-dev-server --devtool eval --display-error-details --progress --colors --hot --inline --config config.SampleApp.js ' ]
12 silly lifecycle yylib-sample@1.0.0~dev-SampleApp: Returned: code: 1  signal: null
13 info lifecycle yylib-sample@1.0.0~dev-SampleApp: Failed to exec dev-SampleApp script
14 verbose stack Error: yylib-sample@1.0.0 dev-SampleApp: `webpack-dev-server --devtool eval --display-error-details --progress --colors --hot --inline --config config.SampleApp.js `
14 verbose stack Exit status 1
14 verbose stack     at EventEmitter.<anonymous> (D:\NOde\node_modules\npm\lib\utils\lifecycle.js:255:16)
14 verbose stack     at emitTwo (events.js:106:13)
14 verbose stack     at EventEmitter.emit (events.js:191:7)
14 verbose stack     at ChildProcess.<anonymous> (D:\NOde\node_modules\npm\lib\utils\spawn.js:40:14)
14 verbose stack     at emitTwo (events.js:106:13)
14 verbose stack     at ChildProcess.emit (events.js:191:7)
14 verbose stack     at maybeClose (internal/child_process.js:920:16)
14 verbose stack     at Process.ChildProcess._handle.onexit (internal/child_process.js:230:5)
15 verbose pkgid yylib-sample@1.0.0
16 verbose cwd D:\GitHub\JAVA-Web\DaBaiNetworkStorage\yylib-sample
17 error Windows_NT 10.0.16299
18 error argv "D:\\NOde\\node.exe" "D:\\NOde\\node_modules\\npm\\bin\\npm-cli.js" "run" "dev-SampleApp" "--scripts-prepend-node-path=auto"
19 error node v6.11.3
20 error npm  v3.10.10
21 error code ELIFECYCLE
22 error yylib-sample@1.0.0 dev-SampleApp: `webpack-dev-server --devtool eval --display-error-details --progress --colors --hot --inline --config config.SampleApp.js `
22 error Exit status 1
23 error Failed at the yylib-sample@1.0.0 dev-SampleApp script 'webpack-dev-server --devtool eval --display-error-details --progress --colors --hot --inline --config config.SampleApp.js '.
23 error Make sure you have the latest version of node.js and npm installed.
23 error If you do, this is most likely a problem with the yylib-sample package,
23 error not with npm itself.
23 error Tell the author that this fails on your system:
23 error     webpack-dev-server --devtool eval --display-error-details --progress --colors --hot --inline --config config.SampleApp.js
23 error You can get information on how to open an issue for this project with:
23 error     npm bugs yylib-sample
23 error Or if that isn't available, you can get their info via:
23 error     npm owner ls yylib-sample
23 error There is likely additional logging output above.
24 verbose exit [ 1, true ]
